<?xml version="1.0" encoding="UTF-8"?>
<!-- Generated by org.testng.reporters.JUnitXMLReporter -->
<testsuite ignored="0" hostname="DESKTOP-I3TN9CV" failures="0" tests="5" name="Default test" time="57.392" errors="0" timestamp="2024-10-03T18:55:33 IST">
  <testcase classname="testCases.TC001_CreateNewLockedMessage" name="create_new_locked_message" time="28.867"/>
  <testcase classname="testCases.TC001_CreateNewLockedMessage" name="verify_locked_message_edit" time="5.906"/>
  <testcase classname="testCases.TC001_CreateNewLockedMessage" name="list_created_view" time="6.168"/>
  <testcase classname="testCases.TC001_CreateNewLockedMessage" name="validation_locked_message" time="3.012"/>
  <testcase classname="testCases.TC001_CreateNewLockedMessage" name="delet_locked_message" time="2.248"/>
</testsuite> <!-- Default test -->
