<?xml version="1.0" encoding="UTF-8"?>
<testng-results ignored="0" total="5" passed="5" failed="0" skipped="0">
  <reporter-output>
  </reporter-output>
  <suite started-at="2024-10-03T18:54:35 IST" name="Default suite" finished-at="2024-10-03T18:55:33 IST" duration-ms="57392">
    <groups>
    </groups>
    <test started-at="2024-10-03T18:54:35 IST" name="Default test" finished-at="2024-10-03T18:55:33 IST" duration-ms="57392">
      <class name="testCases.TC001_CreateNewLockedMessage">
        <test-method is-config="true" signature="setup()[pri:0, instance:testCases.TC001_CreateNewLockedMessage@23348b5d]" started-at="2024-10-03T18:54:35 IST" name="setup" finished-at="2024-10-03T18:54:43 IST" duration-ms="8284" status="PASS">
          <reporter-output>
          </reporter-output>
        </test-method> <!-- setup -->
        <test-method signature="create_new_locked_message()[pri:1, instance:testCases.TC001_CreateNewLockedMessage@23348b5d]" started-at="2024-10-03T18:54:44 IST" name="create_new_locked_message" finished-at="2024-10-03T18:55:12 IST" duration-ms="28867" status="PASS">
          <reporter-output>
          </reporter-output>
        </test-method> <!-- create_new_locked_message -->
        <test-method signature="verify_locked_message_edit()[pri:2, instance:testCases.TC001_CreateNewLockedMessage@23348b5d]" started-at="2024-10-03T18:55:12 IST" name="verify_locked_message_edit" finished-at="2024-10-03T18:55:18 IST" duration-ms="5906" status="PASS">
          <reporter-output>
          </reporter-output>
        </test-method> <!-- verify_locked_message_edit -->
        <test-method signature="list_created_view()[pri:3, instance:testCases.TC001_CreateNewLockedMessage@23348b5d]" started-at="2024-10-03T18:55:18 IST" name="list_created_view" finished-at="2024-10-03T18:55:24 IST" duration-ms="6168" status="PASS">
          <reporter-output>
          </reporter-output>
        </test-method> <!-- list_created_view -->
        <test-method signature="validation_locked_message()[pri:4, instance:testCases.TC001_CreateNewLockedMessage@23348b5d]" started-at="2024-10-03T18:55:24 IST" name="validation_locked_message" finished-at="2024-10-03T18:55:27 IST" duration-ms="3012" status="PASS">
          <reporter-output>
          </reporter-output>
        </test-method> <!-- validation_locked_message -->
        <test-method signature="delet_locked_message()[pri:5, instance:testCases.TC001_CreateNewLockedMessage@23348b5d]" started-at="2024-10-03T18:55:27 IST" name="delet_locked_message" finished-at="2024-10-03T18:55:30 IST" duration-ms="2248" status="PASS">
          <reporter-output>
          </reporter-output>
        </test-method> <!-- delet_locked_message -->
        <test-method is-config="true" signature="tearDown()[pri:0, instance:testCases.TC001_CreateNewLockedMessage@23348b5d]" started-at="2024-10-03T18:55:30 IST" name="tearDown" finished-at="2024-10-03T18:55:33 IST" duration-ms="2793" status="PASS">
          <reporter-output>
          </reporter-output>
        </test-method> <!-- tearDown -->
      </class> <!-- testCases.TC001_CreateNewLockedMessage -->
    </test> <!-- Default test -->
  </suite> <!-- Default suite -->
</testng-results>
